Digital Prototyping Module/Library/Bee/Android/Prj/IL2CPP/Gradle/launcher/build/intermediates/manifest_merge_blame_file/release/manifest-merger-blame-release-report.txt
1<?xml version="1.0" encoding="utf-8"?>
2<manifest xmlns:android="http://schemas.android.com/apk/res/android"
3    package="com.Kevin.VRQuiz"
4    android:installLocation="preferExternal"
5    android:versionCode="1"
6    android:versionName="0.1" >
7
8    <uses-sdk
9        android:minSdkVersion="26"
9-->src/main/AndroidManifest.xml
10        android:targetSdkVersion="29" />
10-->src/main/AndroidManifest.xml
11
12    <supports-screens
12-->src/main/AndroidManifest.xml:3:3-163
13        android:anyDensity="true"
13-->src/main/AndroidManifest.xml:3:135-160
14        android:largeScreens="true"
14-->src/main/AndroidManifest.xml:3:78-105
15        android:normalScreens="true"
15-->src/main/AndroidManifest.xml:3:49-77
16        android:smallScreens="true"
16-->src/main/AndroidManifest.xml:3:21-48
17        android:xlargeScreens="true" />
17-->src/main/AndroidManifest.xml:3:106-134
18
19    <uses-feature android:glEsVersion="0x00020000" />
19-->[:unityLibrary] AndroidManifest.xml:12:5-54
19-->[:unityLibrary] AndroidManifest.xml:12:19-51
20
21    <uses-permission android:name="android.permission.INTERNET" />
21-->[:unityLibrary] AndroidManifest.xml:14:5-67
21-->[:unityLibrary] AndroidManifest.xml:14:22-64
22    <uses-permission android:name="android.permission.WRITE_EXTERNAL_STORAGE" />
22-->[:unityLibrary] AndroidManifest.xml:15:5-81
22-->[:unityLibrary] AndroidManifest.xml:15:22-78
23
24    <uses-feature
24-->[:unityLibrary] AndroidManifest.xml:17:5-19:36
25        android:name="android.hardware.touchscreen"
25-->[:unityLibrary] AndroidManifest.xml:18:9-52
26        android:required="false" />
26-->[:unityLibrary] AndroidManifest.xml:19:9-33
27    <uses-feature
27-->[:unityLibrary] AndroidManifest.xml:20:5-22:36
28        android:name="android.hardware.touchscreen.multitouch"
28-->[:unityLibrary] AndroidManifest.xml:21:9-63
29        android:required="false" />
29-->[:unityLibrary] AndroidManifest.xml:22:9-33
30    <uses-feature
30-->[:unityLibrary] AndroidManifest.xml:23:5-25:36
31        android:name="android.hardware.touchscreen.multitouch.distinct"
31-->[:unityLibrary] AndroidManifest.xml:24:9-72
32        android:required="false" />
32-->[:unityLibrary] AndroidManifest.xml:25:9-33
33
34    <uses-permission android:name="android.permission.WRITE_SETTINGS" />
34-->[:unityLibrary] AndroidManifest.xml:27:5-73
34-->[:unityLibrary] AndroidManifest.xml:27:22-70
35    <uses-permission android:name="android.permission.REORDER_TASKS" />
35-->[:Pico_PaymentSDK_Android_V1.0.34:] AndroidManifest.xml:11:5-72
35-->[:Pico_PaymentSDK_Android_V1.0.34:] AndroidManifest.xml:11:22-69
36    <uses-permission android:name="android.permission.CHANGE_WIFI_STATE" />
36-->[:Pico_PaymentSDK_Android_V1.0.34:] AndroidManifest.xml:12:5-76
36-->[:Pico_PaymentSDK_Android_V1.0.34:] AndroidManifest.xml:12:22-73
37    <uses-permission android:name="android.permission.ACCESS_NETWORK_STATE" />
37-->[:Pico_PaymentSDK_Android_V1.0.34:] AndroidManifest.xml:14:5-79
37-->[:Pico_PaymentSDK_Android_V1.0.34:] AndroidManifest.xml:14:22-76
38    <uses-permission android:name="android.permission.ACCESS_WIFI_STATE" />
38-->[:Pico_PaymentSDK_Android_V1.0.34:] AndroidManifest.xml:15:5-76
38-->[:Pico_PaymentSDK_Android_V1.0.34:] AndroidManifest.xml:15:22-73
39
40    <application
40-->src/main/AndroidManifest.xml:4:3-83
41        android:allowBackup="true"
41-->[:Pico_PaymentSDK_Android_V1.0.34:] AndroidManifest.xml:18:9-35
42        android:extractNativeLibs="true"
42-->[:unityLibrary] AndroidManifest.xml:30:9-41
43        android:icon="@mipmap/app_icon"
43-->src/main/AndroidManifest.xml:4:49-80
44        android:label="@string/app_name"
44-->src/main/AndroidManifest.xml:4:16-48
45        android:requestLegacyExternalStorage="true"
45-->[:unityLibrary] AndroidManifest.xml:31:9-52
46        android:supportsRtl="true" >
46-->[:Pico_PaymentSDK_Android_V1.0.34:] AndroidManifest.xml:20:9-35
47        <activity
47-->[:unityLibrary] AndroidManifest.xml:32:9-52:20
48            android:name="com.unity3d.player.UnityPlayerActivity"
48-->[:unityLibrary] AndroidManifest.xml:33:13-66
49            android:configChanges="mcc|mnc|locale|touchscreen|keyboard|keyboardHidden|navigation|orientation|screenLayout|uiMode|screenSize|smallestScreenSize|fontScale|layoutDirection|density"
49-->[:unityLibrary] AndroidManifest.xml:34:13-194
50            android:hardwareAccelerated="false"
50-->[:unityLibrary] AndroidManifest.xml:35:13-48
51            android:launchMode="singleTask"
51-->[:unityLibrary] AndroidManifest.xml:36:13-44
52            android:resizeableActivity="false"
52-->[:unityLibrary] AndroidManifest.xml:37:13-47
53            android:screenOrientation="landscape"
53-->[:unityLibrary] AndroidManifest.xml:38:13-50
54            android:theme="@style/UnityThemeSelector" >
54-->[:unityLibrary] AndroidManifest.xml:39:13-54
55            <intent-filter>
55-->[:unityLibrary] AndroidManifest.xml:40:13-44:29
56                <action android:name="android.intent.action.MAIN" />
56-->[:unityLibrary] AndroidManifest.xml:41:17-69
56-->[:unityLibrary] AndroidManifest.xml:41:25-66
57
58                <category android:name="android.intent.category.LAUNCHER" />
58-->[:unityLibrary] AndroidManifest.xml:43:17-77
58-->[:unityLibrary] AndroidManifest.xml:43:27-74
59            </intent-filter>
60
61            <meta-data
61-->[:unityLibrary] AndroidManifest.xml:46:13-48:40
62                android:name="unityplayer.UnityActivity"
62-->[:unityLibrary] AndroidManifest.xml:47:17-57
63                android:value="true" />
63-->[:unityLibrary] AndroidManifest.xml:48:17-37
64            <meta-data
64-->[:unityLibrary] AndroidManifest.xml:49:13-51:40
65                android:name="android.notch_support"
65-->[:unityLibrary] AndroidManifest.xml:50:17-53
66                android:value="true" />
66-->[:unityLibrary] AndroidManifest.xml:51:17-37
67        </activity>
68
69        <meta-data
69-->[:unityLibrary] AndroidManifest.xml:54:9-56:33
70            android:name="unity.splash-mode"
70-->[:unityLibrary] AndroidManifest.xml:55:13-45
71            android:value="0" />
71-->[:unityLibrary] AndroidManifest.xml:56:13-30
72        <meta-data
72-->[:unityLibrary] AndroidManifest.xml:57:9-59:36
73            android:name="unity.splash-enable"
73-->[:unityLibrary] AndroidManifest.xml:58:13-47
74            android:value="True" />
74-->[:unityLibrary] AndroidManifest.xml:59:13-33
75        <meta-data
75-->[:unityLibrary] AndroidManifest.xml:60:9-62:36
76            android:name="unity.launch-fullscreen"
76-->[:unityLibrary] AndroidManifest.xml:61:13-51
77            android:value="True" />
77-->[:unityLibrary] AndroidManifest.xml:62:13-33
78        <meta-data
78-->[:unityLibrary] AndroidManifest.xml:63:9-65:37
79            android:name="unity.allow-resizable-window"
79-->[:unityLibrary] AndroidManifest.xml:64:13-56
80            android:value="False" />
80-->[:unityLibrary] AndroidManifest.xml:65:13-34
81        <meta-data
81-->[:unityLibrary] AndroidManifest.xml:66:9-68:50
82            android:name="notch.config"
82-->[:unityLibrary] AndroidManifest.xml:67:13-40
83            android:value="portrait|landscape" />
83-->[:unityLibrary] AndroidManifest.xml:68:13-47
84        <meta-data
84-->[:unityLibrary] AndroidManifest.xml:69:9-71:34
85            android:name="pvr.app.type"
85-->[:unityLibrary] AndroidManifest.xml:70:13-40
86            android:value="vr" />
86-->[:unityLibrary] AndroidManifest.xml:71:13-31
87        <meta-data
87-->[:unityLibrary] AndroidManifest.xml:72:9-74:51
88            android:name="pvr.sdk.version"
88-->[:unityLibrary] AndroidManifest.xml:73:13-43
89            android:value="XR Platform_2.0.5.4" />
89-->[:unityLibrary] AndroidManifest.xml:74:13-48
90        <meta-data
90-->[:unityLibrary] AndroidManifest.xml:75:9-77:33
91            android:name="enable_cpt"
91-->[:unityLibrary] AndroidManifest.xml:76:13-38
92            android:value="0" />
92-->[:unityLibrary] AndroidManifest.xml:77:13-30
93        <meta-data
93-->[:unityLibrary] AndroidManifest.xml:78:9-80:33
94            android:name="enable_entitlementcheck"
94-->[:unityLibrary] AndroidManifest.xml:79:13-51
95            android:value="0" />
95-->[:unityLibrary] AndroidManifest.xml:80:13-30
96
97        <activity
97-->[:Pico_PaymentSDK_Android_V1.0.34:] AndroidManifest.xml:21:9-32:20
98            android:name="com.pico.loginpaysdk.auth.TransferStationActivity"
98-->[:Pico_PaymentSDK_Android_V1.0.34:] AndroidManifest.xml:22:13-77
99            android:excludeFromRecents="true"
99-->[:Pico_PaymentSDK_Android_V1.0.34:] AndroidManifest.xml:23:13-46
100            android:exported="true"
100-->[:Pico_PaymentSDK_Android_V1.0.34:] AndroidManifest.xml:24:13-36
101            android:launchMode="singleTask"
101-->[:Pico_PaymentSDK_Android_V1.0.34:] AndroidManifest.xml:25:13-44
102            android:theme="@android:style/Theme.Translucent.NoTitleBar" >
102-->[:Pico_PaymentSDK_Android_V1.0.34:] AndroidManifest.xml:26:13-72
103            <intent-filter>
103-->[:Pico_PaymentSDK_Android_V1.0.34:] AndroidManifest.xml:27:13-31:29
104                <action android:name="com.pico.loginpaysdk.intent.action.AuthCallback" />
104-->[:Pico_PaymentSDK_Android_V1.0.34:] AndroidManifest.xml:28:17-90
104-->[:Pico_PaymentSDK_Android_V1.0.34:] AndroidManifest.xml:28:25-87
105
106                <category android:name="android.intent.category.DEFAULT" />
106-->[:Pico_PaymentSDK_Android_V1.0.34:] AndroidManifest.xml:30:17-76
106-->[:Pico_PaymentSDK_Android_V1.0.34:] AndroidManifest.xml:30:27-73
107            </intent-filter>
108        </activity>
109    </application>
110
111</manifest>